android/app/build/intermediates/manifest_merge_blame_file/debug/manifest-merger-blame-debug-report.txt
1<?xml version="1.0" encoding="utf-8"?>
2<manifest xmlns:android="http://schemas.android.com/apk/res/android"
3    package="com.ytd"
4    android:versionCode="1"
5    android:versionName="1.0" >
6
7    <uses-sdk
8        android:minSdkVersion="21"
9        android:targetSdkVersion="33" />
10
11    <uses-permission android:name="android.permission.SYSTEM_ALERT_WINDOW" />
11-->src/debug/AndroidManifest.xml:5:5-77
11-->src/debug/AndroidManifest.xml:5:22-75
12    <uses-permission android:name="android.permission.INTERNET" />
12-->src/main/AndroidManifest.xml:3:5-67
12-->src/main/AndroidManifest.xml:3:22-64
13    <uses-permission android:name="android.permission.WRITE_EXTERNAL_STORAGE" />
13-->src/main/AndroidManifest.xml:4:5-81
13-->src/main/AndroidManifest.xml:4:22-78
14    <uses-permission android:name="android.permission.READ_EXTERNAL_STORAGE" />
14-->src/main/AndroidManifest.xml:5:5-80
14-->src/main/AndroidManifest.xml:5:22-77
15    <uses-permission android:name="android.permission.ACCESS_WIFI_STATE" />
15-->[com.facebook.flipper:flipper:0.125.0] AndroidManifest.xml:16:5-76
15-->[com.facebook.flipper:flipper:0.125.0] AndroidManifest.xml:16:22-73
16    <uses-permission android:name="android.permission.ACCESS_NETWORK_STATE" />
16-->[:react-native-community_netinfo] AndroidManifest.xml:9:5-79
16-->[:react-native-community_netinfo] AndroidManifest.xml:9:22-76
17    <!--
18         Required to keep CPU alive while downloading files
19        (NOT to keep screen awake)
20    -->
21    <uses-permission android:name="android.permission.WAKE_LOCK" /> <!-- Required to to download files without a notification -->
21-->[:react-native-blob-util] AndroidManifest.xml:16:5-68
21-->[:react-native-blob-util] AndroidManifest.xml:16:22-65
22    <uses-permission android:name="android.permission.DOWNLOAD_WITHOUT_NOTIFICATION" />
22-->[:react-native-blob-util] AndroidManifest.xml:34:5-88
22-->[:react-native-blob-util] AndroidManifest.xml:34:22-85
23
24    <application
24-->src/main/AndroidManifest.xml:7:5-35:19
25        android:name="com.ytd.MainApplication"
25-->src/main/AndroidManifest.xml:8:7-38
26        android:allowBackup="false"
26-->src/main/AndroidManifest.xml:12:7-34
27        android:appComponentFactory="androidx.core.app.CoreComponentFactory"
27-->[androidx.core:core:1.7.0] AndroidManifest.xml:24:18-86
28        android:debuggable="true"
29        android:icon="@mipmap/ic_launcher"
29-->src/main/AndroidManifest.xml:10:7-41
30        android:label="@string/app_name"
30-->src/main/AndroidManifest.xml:9:7-39
31        android:roundIcon="@mipmap/ic_launcher_round"
31-->src/main/AndroidManifest.xml:11:7-52
32        android:theme="@style/AppTheme"
32-->src/main/AndroidManifest.xml:13:7-38
33        android:usesCleartextTraffic="true" >
33-->src/debug/AndroidManifest.xml:8:9-44
34        <activity
34-->src/debug/AndroidManifest.xml:11:9-111
35            android:name="com.facebook.react.devsupport.DevSettingsActivity"
35-->src/debug/AndroidManifest.xml:11:19-83
36            android:exported="false" />
36-->src/debug/AndroidManifest.xml:11:84-108
37        <activity
37-->src/main/AndroidManifest.xml:14:7-34:18
38            android:name="com.ytd.MainActivity"
38-->src/main/AndroidManifest.xml:15:9-37
39            android:configChanges="keyboard|keyboardHidden|orientation|screenLayout|screenSize|smallestScreenSize|uiMode"
39-->src/main/AndroidManifest.xml:17:9-118
40            android:documentLaunchMode="never"
40-->src/main/AndroidManifest.xml:21:9-43
41            android:exported="true"
41-->src/main/AndroidManifest.xml:20:9-32
42            android:label="@string/app_name"
42-->src/main/AndroidManifest.xml:16:9-41
43            android:launchMode="singleTask"
43-->src/main/AndroidManifest.xml:18:9-40
44            android:windowSoftInputMode="adjustPan|adjustResize" >
44-->src/main/AndroidManifest.xml:19:9-61
45            <intent-filter>
45-->src/main/AndroidManifest.xml:22:9-26:25
46                <action android:name="android.intent.action.MAIN" />
46-->src/main/AndroidManifest.xml:23:13-65
46-->src/main/AndroidManifest.xml:23:21-62
47
48                <category android:name="android.intent.category.LAUNCHER" />
48-->src/main/AndroidManifest.xml:24:13-73
48-->src/main/AndroidManifest.xml:24:23-70
49
50                <action android:name="android.intent.action.DOWNLOAD_COMPLETE" />
50-->src/main/AndroidManifest.xml:25:13-77
50-->src/main/AndroidManifest.xml:25:21-75
51            </intent-filter>
52            <intent-filter>
52-->src/main/AndroidManifest.xml:27:9-33:18
53                <action android:name="android.intent.action.SEND" />
53-->src/main/AndroidManifest.xml:28:3-55
53-->src/main/AndroidManifest.xml:28:11-52
54
55                <category android:name="android.intent.category.DEFAULT" />
55-->src/main/AndroidManifest.xml:29:3-62
55-->src/main/AndroidManifest.xml:29:13-59
56
57                <data android:mimeType="text/plain" />
57-->src/main/AndroidManifest.xml:30:3-41
57-->src/main/AndroidManifest.xml:30:9-38
58                <data android:mimeType="image/*" />
58-->src/main/AndroidManifest.xml:30:3-41
58-->src/main/AndroidManifest.xml:30:9-38
59                <!-- Any other mime types you want to support -->
60            </intent-filter>
61        </activity>
62
63        <provider
63-->[:react-native-blob-util] AndroidManifest.xml:37:9-45:20
64            android:name="com.ReactNativeBlobUtil.Utils.FileProvider"
64-->[:react-native-blob-util] AndroidManifest.xml:38:13-70
65            android:authorities="com.ytd.provider"
65-->[:react-native-blob-util] AndroidManifest.xml:39:13-60
66            android:exported="false"
66-->[:react-native-blob-util] AndroidManifest.xml:40:13-37
67            android:grantUriPermissions="true" >
67-->[:react-native-blob-util] AndroidManifest.xml:41:13-47
68            <meta-data
68-->[:react-native-blob-util] AndroidManifest.xml:42:13-44:58
69                android:name="android.support.FILE_PROVIDER_PATHS"
69-->[:react-native-blob-util] AndroidManifest.xml:43:17-67
70                android:resource="@xml/provider_paths" />
70-->[:react-native-blob-util] AndroidManifest.xml:44:17-55
71        </provider>
72        <provider
72-->[androidx.emoji2:emoji2:1.0.0] AndroidManifest.xml:26:9-34:20
73            android:name="androidx.startup.InitializationProvider"
73-->[androidx.emoji2:emoji2:1.0.0] AndroidManifest.xml:27:13-67
74            android:authorities="com.ytd.androidx-startup"
74-->[androidx.emoji2:emoji2:1.0.0] AndroidManifest.xml:28:13-68
75            android:exported="false" >
75-->[androidx.emoji2:emoji2:1.0.0] AndroidManifest.xml:29:13-37
76            <meta-data
76-->[androidx.emoji2:emoji2:1.0.0] AndroidManifest.xml:31:13-33:52
77                android:name="androidx.emoji2.text.EmojiCompatInitializer"
77-->[androidx.emoji2:emoji2:1.0.0] AndroidManifest.xml:32:17-75
78                android:value="androidx.startup" />
78-->[androidx.emoji2:emoji2:1.0.0] AndroidManifest.xml:33:17-49
79            <meta-data
79-->[androidx.lifecycle:lifecycle-process:2.4.0] AndroidManifest.xml:31:13-33:52
80                android:name="androidx.lifecycle.ProcessLifecycleInitializer"
80-->[androidx.lifecycle:lifecycle-process:2.4.0] AndroidManifest.xml:32:17-78
81                android:value="androidx.startup" />
81-->[androidx.lifecycle:lifecycle-process:2.4.0] AndroidManifest.xml:33:17-49
82        </provider>
83    </application>
84
85</manifest>